# JRE version: OpenJDK Runtime Environment (8.0_242-b01) (build 1.8.0_242-release-1644-b01)
# Java VM: OpenJDK 64-Bit Server VM (25.242-b01 mixed mode windows-amd64 compressed oops)
Heap:
 PSYoungGen      total 214016K, used 128471K [0x00000000d5580000, 0x00000000e3d80000, 0x0000000100000000)
  eden space 200704K, 57% used [0x00000000d5580000,0x00000000dc640e10,0x00000000e1980000)
  from space 13312K, 97% used [0x00000000e3080000,0x00000000e3d34e78,0x00000000e3d80000)
  to   space 16896K, 0% used [0x00000000e1c80000,0x00000000e1c80000,0x00000000e2d00000)
 ParOldGen       total 79360K, used 31647K [0x0000000080000000, 0x0000000084d80000, 0x00000000d5580000)
  object space 79360K, 39% used [0x0000000080000000,0x0000000081ee7ce8,0x0000000084d80000)
 Metaspace       used 72271K, capacity 75018K, committed 75288K, reserved 1114112K
  class space    used 9772K, capacity 10393K, committed 10520K, reserved 1048576K
GC Heap History (10 events):
Event: 27.753 GC heap before
{Heap before GC invocations=15 (full 2):
 PSYoungGen      total 127488K, used 118272K [0x00000000d5580000, 0x00000000df400000, 0x0000000100000000)
  eden space 118272K, 100% used [0x00000000d5580000,0x00000000dc900000,0x00000000dc900000)
  from space 9216K, 0% used [0x00000000dd200000,0x00000000dd200000,0x00000000ddb00000)
  to   space 9216K, 0% used [0x00000000dc900000,0x00000000dc900000,0x00000000dd200000)
 ParOldGen       total 48128K, used 14251K [0x0000000080000000, 0x0000000082f00000, 0x00000000d5580000)
  object space 48128K, 29% used [0x0000000080000000,0x0000000080deadb8,0x0000000082f00000)
 Metaspace       used 40276K, capacity 41734K, committed 42032K, reserved 1085440K
  class space    used 5462K, capacity 5815K, committed 5936K, reserved 1048576K
Event: 27.771 GC heap after
Heap after GC invocations=15 (full 2):
 PSYoungGen      total 127488K, used 9210K [0x00000000d5580000, 0x00000000e0a00000, 0x0000000100000000)
  eden space 118272K, 0% used [0x00000000d5580000,0x00000000d5580000,0x00000000dc900000)
  from space 9216K, 99% used [0x00000000dc900000,0x00000000dd1fea20,0x00000000dd200000)
  to   space 11264K, 0% used [0x00000000dff00000,0x00000000dff00000,0x00000000e0a00000)
 ParOldGen       total 48128K, used 15968K [0x0000000080000000, 0x0000000082f00000, 0x00000000d5580000)
  object space 48128K, 33% used [0x0000000080000000,0x0000000080f98258,0x0000000082f00000)
 Metaspace       used 40276K, capacity 41734K, committed 42032K, reserved 1085440K
  class space    used 5462K, capacity 5815K, committed 5936K, reserved 1048576K
}
Event: 40.677 GC heap before
{Heap before GC invocations=16 (full 2):
 PSYoungGen      total 127488K, used 127482K [0x00000000d5580000, 0x00000000e0a00000, 0x0000000100000000)
  eden space 118272K, 100% used [0x00000000d5580000,0x00000000dc900000,0x00000000dc900000)
  from space 9216K, 99% used [0x00000000dc900000,0x00000000dd1fea20,0x00000000dd200000)
  to   space 11264K, 0% used [0x00000000dff00000,0x00000000dff00000,0x00000000e0a00000)
 ParOldGen       total 48128K, used 15968K [0x0000000080000000, 0x0000000082f00000, 0x00000000d5580000)
  object space 48128K, 33% used [0x0000000080000000,0x0000000080f98258,0x0000000082f00000)
 Metaspace       used 53330K, capacity 55150K, committed 55344K, reserved 1097728K
  class space    used 7049K, capacity 7464K, committed 7472K, reserved 1048576K
Event: 40.709 GC heap after
Heap after GC invocations=16 (full 2):
 PSYoungGen      total 168448K, used 11257K [0x00000000d5580000, 0x00000000e1000000, 0x0000000100000000)
  eden space 157184K, 0% used [0x00000000d5580000,0x00000000d5580000,0x00000000def00000)
  from space 11264K, 99% used [0x00000000dff00000,0x00000000e09fe640,0x00000000e0a00000)
  to   space 16384K, 0% used [0x00000000def00000,0x00000000def00000,0x00000000dff00000)
 ParOldGen       total 48128K, used 25764K [0x0000000080000000, 0x0000000082f00000, 0x00000000d5580000)
  object space 48128K, 53% used [0x0000000080000000,0x0000000081929058,0x0000000082f00000)
 Metaspace       used 53330K, capacity 55150K, committed 55344K, reserved 1097728K
  class space    used 7049K, capacity 7464K, committed 7472K, reserved 1048576K
}
Event: 43.358 GC heap before
{Heap before GC invocations=17 (full 2):
 PSYoungGen      total 168448K, used 61385K [0x00000000d5580000, 0x00000000e1000000, 0x0000000100000000)
  eden space 157184K, 31% used [0x00000000d5580000,0x00000000d8673f00,0x00000000def00000)
  from space 11264K, 99% used [0x00000000dff00000,0x00000000e09fe640,0x00000000e0a00000)
  to   space 16384K, 0% used [0x00000000def00000,0x00000000def00000,0x00000000dff00000)
 ParOldGen       total 48128K, used 25764K [0x0000000080000000, 0x0000000082f00000, 0x00000000d5580000)
  object space 48128K, 53% used [0x0000000080000000,0x0000000081929058,0x0000000082f00000)
 Metaspace       used 57017K, capacity 59082K, committed 59160K, reserved 1099776K
  class space    used 7655K, capacity 8144K, committed 8216K, reserved 1048576K
Event: 43.383 GC heap after
Heap after GC invocations=17 (full 2):
 PSYoungGen      total 173568K, used 6307K [0x00000000d5580000, 0x00000000e4000000, 0x0000000100000000)
  eden space 157184K, 0% used [0x00000000d5580000,0x00000000d5580000,0x00000000def00000)
  from space 16384K, 38% used [0x00000000def00000,0x00000000df528ff0,0x00000000dff00000)
  to   space 15872K, 0% used [0x00000000e3080000,0x00000000e3080000,0x00000000e4000000)
 ParOldGen       total 48128K, used 32434K [0x0000000080000000, 0x0000000082f00000, 0x00000000d5580000)
  object space 48128K, 67% used [0x0000000080000000,0x0000000081fac8d0,0x0000000082f00000)
 Metaspace       used 57017K, capacity 59082K, committed 59160K, reserved 1099776K
  class space    used 7655K, capacity 8144K, committed 8216K, reserved 1048576K
}
Event: 43.383 GC heap before
{Heap before GC invocations=18 (full 3):
 PSYoungGen      total 173568K, used 6307K [0x00000000d5580000, 0x00000000e4000000, 0x0000000100000000)
  eden space 157184K, 0% used [0x00000000d5580000,0x00000000d5580000,0x00000000def00000)
  from space 16384K, 38% used [0x00000000def00000,0x00000000df528ff0,0x00000000dff00000)
  to   space 15872K, 0% used [0x00000000e3080000,0x00000000e3080000,0x00000000e4000000)
 ParOldGen       total 48128K, used 32434K [0x0000000080000000, 0x0000000082f00000, 0x00000000d5580000)
  object space 48128K, 67% used [0x0000000080000000,0x0000000081fac8d0,0x0000000082f00000)
 Metaspace       used 57017K, capacity 59082K, committed 59160K, reserved 1099776K
  class space    used 7655K, capacity 8144K, committed 8216K, reserved 1048576K
Event: 43.728 GC heap after
Heap after GC invocations=18 (full 3):
 PSYoungGen      total 173568K, used 0K [0x00000000d5580000, 0x00000000e4000000, 0x0000000100000000)
  eden space 157184K, 0% used [0x00000000d5580000,0x00000000d5580000,0x00000000def00000)
  from space 16384K, 0% used [0x00000000def00000,0x00000000def00000,0x00000000dff00000)
  to   space 15872K, 0% used [0x00000000e3080000,0x00000000e3080000,0x00000000e4000000)
 ParOldGen       total 79360K, used 31639K [0x0000000080000000, 0x0000000084d80000, 0x00000000d5580000)
  object space 79360K, 39% used [0x0000000080000000,0x0000000081ee5ce8,0x0000000084d80000)
 Metaspace       used 56977K, capacity 58952K, committed 59160K, reserved 1099776K
  class space    used 7643K, capacity 8128K, committed 8216K, reserved 1048576K
}
Event: 50.175 GC heap before
{Heap before GC invocations=19 (full 3):
 PSYoungGen      total 173568K, used 157184K [0x00000000d5580000, 0x00000000e4000000, 0x0000000100000000)
  eden space 157184K, 100% used [0x00000000d5580000,0x00000000def00000,0x00000000def00000)
  from space 16384K, 0% used [0x00000000def00000,0x00000000def00000,0x00000000dff00000)
  to   space 15872K, 0% used [0x00000000e3080000,0x00000000e3080000,0x00000000e4000000)
 ParOldGen       total 79360K, used 31639K [0x0000000080000000, 0x0000000084d80000, 0x00000000d5580000)
  object space 79360K, 39% used [0x0000000080000000,0x0000000081ee5ce8,0x0000000084d80000)
 Metaspace       used 64633K, capacity 67172K, committed 67480K, reserved 1107968K
  class space    used 8808K, capacity 9337K, committed 9368K, reserved 1048576K
Event: 50.213 GC heap after
Heap after GC invocations=19 (full 3):
 PSYoungGen      total 214016K, used 13011K [0x00000000d5580000, 0x00000000e3d80000, 0x0000000100000000)
  eden space 200704K, 0% used [0x00000000d5580000,0x00000000d5580000,0x00000000e1980000)
  from space 13312K, 97% used [0x00000000e3080000,0x00000000e3d34e78,0x00000000e3d80000)
  to   space 16896K, 0% used [0x00000000e1c80000,0x00000000e1c80000,0x00000000e2d00000)
 ParOldGen       total 79360K, used 31647K [0x0000000080000000, 0x0000000084d80000, 0x00000000d5580000)
  object space 79360K, 39% used [0x0000000080000000,0x0000000081ee7ce8,0x0000000084d80000)
 Metaspace       used 64633K, capacity 67172K, committed 67480K, reserved 1107968K
  class space    used 8808K, capacity 9337K, committed 9368K, reserved 1048576K
}

